mode: set
github.com/labring/sealos/controllers/db/bytebase/controllers/bytebase_controller.go:79.100,83.59 3 0
github.com/labring/sealos/controllers/db/bytebase/controllers/bytebase_controller.go:83.59,85.3 1 0
github.com/labring/sealos/controllers/db/bytebase/controllers/bytebase_controller.go:87.2,87.46 1 0
github.com/labring/sealos/controllers/db/bytebase/controllers/bytebase_controller.go:87.46,88.59 1 0
github.com/labring/sealos/controllers/db/bytebase/controllers/bytebase_controller.go:88.59,90.44 2 0
github.com/labring/sealos/controllers/db/bytebase/controllers/bytebase_controller.go:90.44,92.5 1 0
github.com/labring/sealos/controllers/db/bytebase/controllers/bytebase_controller.go:94.8,96.58 2 0
github.com/labring/sealos/controllers/db/bytebase/controllers/bytebase_controller.go:96.58,100.44 3 0
github.com/labring/sealos/controllers/db/bytebase/controllers/bytebase_controller.go:100.44,102.5 1 0
github.com/labring/sealos/controllers/db/bytebase/controllers/bytebase_controller.go:104.3,104.28 1 0
github.com/labring/sealos/controllers/db/bytebase/controllers/bytebase_controller.go:107.2,107.52 1 0
github.com/labring/sealos/controllers/db/bytebase/controllers/bytebase_controller.go:107.52,109.3 1 0
github.com/labring/sealos/controllers/db/bytebase/controllers/bytebase_controller.go:111.2,111.19 1 0
github.com/labring/sealos/controllers/db/bytebase/controllers/bytebase_controller.go:111.19,112.43 1 0
github.com/labring/sealos/controllers/db/bytebase/controllers/bytebase_controller.go:112.43,114.4 1 0
github.com/labring/sealos/controllers/db/bytebase/controllers/bytebase_controller.go:115.3,116.28 2 0
github.com/labring/sealos/controllers/db/bytebase/controllers/bytebase_controller.go:119.2,120.61 2 0
github.com/labring/sealos/controllers/db/bytebase/controllers/bytebase_controller.go:120.61,124.3 3 0
github.com/labring/sealos/controllers/db/bytebase/controllers/bytebase_controller.go:126.2,126.47 1 0
github.com/labring/sealos/controllers/db/bytebase/controllers/bytebase_controller.go:126.47,130.3 3 0
github.com/labring/sealos/controllers/db/bytebase/controllers/bytebase_controller.go:134.2,139.67 4 0
github.com/labring/sealos/controllers/db/bytebase/controllers/bytebase_controller.go:139.67,143.3 3 0
github.com/labring/sealos/controllers/db/bytebase/controllers/bytebase_controller.go:146.2,148.16 3 0
github.com/labring/sealos/controllers/db/bytebase/controllers/bytebase_controller.go:148.16,151.3 2 0
github.com/labring/sealos/controllers/db/bytebase/controllers/bytebase_controller.go:154.2,154.17 1 0
github.com/labring/sealos/controllers/db/bytebase/controllers/bytebase_controller.go:154.17,157.23 3 0
github.com/labring/sealos/controllers/db/bytebase/controllers/bytebase_controller.go:157.23,160.4 2 0
github.com/labring/sealos/controllers/db/bytebase/controllers/bytebase_controller.go:161.3,161.61 1 0
github.com/labring/sealos/controllers/db/bytebase/controllers/bytebase_controller.go:163.2,165.16 3 0
github.com/labring/sealos/controllers/db/bytebase/controllers/bytebase_controller.go:165.16,168.3 2 0
github.com/labring/sealos/controllers/db/bytebase/controllers/bytebase_controller.go:169.2,169.64 1 0
github.com/labring/sealos/controllers/db/bytebase/controllers/bytebase_controller.go:169.64,172.3 2 0
github.com/labring/sealos/controllers/db/bytebase/controllers/bytebase_controller.go:174.2,174.53 1 0
github.com/labring/sealos/controllers/db/bytebase/controllers/bytebase_controller.go:174.53,177.3 2 0
github.com/labring/sealos/controllers/db/bytebase/controllers/bytebase_controller.go:180.2,181.27 2 0
github.com/labring/sealos/controllers/db/bytebase/controllers/bytebase_controller.go:184.93,187.38 2 0
github.com/labring/sealos/controllers/db/bytebase/controllers/bytebase_controller.go:187.38,191.3 2 0
github.com/labring/sealos/controllers/db/bytebase/controllers/bytebase_controller.go:191.8,191.73 1 0
github.com/labring/sealos/controllers/db/bytebase/controllers/bytebase_controller.go:191.73,194.3 2 0
github.com/labring/sealos/controllers/db/bytebase/controllers/bytebase_controller.go:196.2,196.15 1 0
github.com/labring/sealos/controllers/db/bytebase/controllers/bytebase_controller.go:196.15,198.3 1 0
github.com/labring/sealos/controllers/db/bytebase/controllers/bytebase_controller.go:200.2,200.12 1 0
github.com/labring/sealos/controllers/db/bytebase/controllers/bytebase_controller.go:204.71,208.2 1 0
github.com/labring/sealos/controllers/db/bytebase/controllers/ingress.go:33.101,81.2 7 0
github.com/labring/sealos/controllers/db/bytebase/controllers/instance.go:20.107,24.71 3 0
github.com/labring/sealos/controllers/db/bytebase/controllers/instance.go:24.71,28.3 3 0
github.com/labring/sealos/controllers/db/bytebase/controllers/instance.go:29.2,29.61 1 0
github.com/labring/sealos/controllers/db/bytebase/controllers/instance.go:29.61,33.3 3 0
github.com/labring/sealos/controllers/db/bytebase/controllers/instance.go:34.2,34.12 1 0
github.com/labring/sealos/controllers/db/bytebase/controllers/instance.go:37.115,49.88 6 0
github.com/labring/sealos/controllers/db/bytebase/controllers/instance.go:49.88,52.3 2 0
github.com/labring/sealos/controllers/db/bytebase/controllers/instance.go:53.2,55.48 2 0
github.com/labring/sealos/controllers/db/bytebase/controllers/instance.go:55.48,82.27 12 0
github.com/labring/sealos/controllers/db/bytebase/controllers/instance.go:82.27,83.30 1 0
github.com/labring/sealos/controllers/db/bytebase/controllers/instance.go:83.30,85.10 2 0
github.com/labring/sealos/controllers/db/bytebase/controllers/instance.go:88.3,97.53 4 0
github.com/labring/sealos/controllers/db/bytebase/controllers/instance.go:97.53,99.12 2 0
github.com/labring/sealos/controllers/db/bytebase/controllers/instance.go:103.3,122.84 5 0
github.com/labring/sealos/controllers/db/bytebase/controllers/instance.go:122.84,125.4 2 0
github.com/labring/sealos/controllers/db/bytebase/controllers/instance.go:127.2,127.12 1 0
github.com/labring/sealos/controllers/db/bytebase/controllers/sync.go:19.119,22.29 3 0
github.com/labring/sealos/controllers/db/bytebase/controllers/sync.go:23.18,24.42 1 0
github.com/labring/sealos/controllers/db/bytebase/controllers/sync.go:26.10,27.42 1 0
github.com/labring/sealos/controllers/db/bytebase/controllers/sync.go:29.2,29.12 1 0
github.com/labring/sealos/controllers/db/bytebase/controllers/sync.go:32.106,39.82 2 0
github.com/labring/sealos/controllers/db/bytebase/controllers/sync.go:39.82,41.17 2 0
github.com/labring/sealos/controllers/db/bytebase/controllers/sync.go:41.17,43.4 1 0
github.com/labring/sealos/controllers/db/bytebase/controllers/sync.go:44.3,50.86 7 0
github.com/labring/sealos/controllers/db/bytebase/controllers/sync.go:50.86,52.4 1 0
github.com/labring/sealos/controllers/db/bytebase/controllers/sync.go:53.3,53.13 1 0
github.com/labring/sealos/controllers/db/bytebase/controllers/sync.go:54.17,56.3 1 0
github.com/labring/sealos/controllers/db/bytebase/controllers/sync.go:58.2,59.32 2 0
github.com/labring/sealos/controllers/db/bytebase/controllers/sync.go:59.32,62.3 2 0
github.com/labring/sealos/controllers/db/bytebase/controllers/sync.go:64.2,64.12 1 0
github.com/labring/sealos/controllers/db/bytebase/controllers/sync.go:67.64,70.16 3 0
github.com/labring/sealos/controllers/db/bytebase/controllers/sync.go:70.16,72.3 1 0
github.com/labring/sealos/controllers/db/bytebase/controllers/sync.go:73.2,77.15 5 0
github.com/labring/sealos/controllers/db/bytebase/controllers/sync.go:80.88,103.82 4 0
github.com/labring/sealos/controllers/db/bytebase/controllers/sync.go:103.82,107.35 3 0
github.com/labring/sealos/controllers/db/bytebase/controllers/sync.go:107.35,109.4 1 0
github.com/labring/sealos/controllers/db/bytebase/controllers/sync.go:109.9,114.4 4 0
github.com/labring/sealos/controllers/db/bytebase/controllers/sync.go:115.3,115.86 1 0
github.com/labring/sealos/controllers/db/bytebase/controllers/sync.go:115.86,117.4 1 0
github.com/labring/sealos/controllers/db/bytebase/controllers/sync.go:118.3,118.13 1 0
github.com/labring/sealos/controllers/db/bytebase/controllers/sync.go:119.17,121.3 1 0
github.com/labring/sealos/controllers/db/bytebase/controllers/sync.go:122.2,122.12 1 0
github.com/labring/sealos/controllers/db/bytebase/controllers/sync.go:125.109,149.85 4 0
github.com/labring/sealos/controllers/db/bytebase/controllers/sync.go:149.85,153.30 3 0
github.com/labring/sealos/controllers/db/bytebase/controllers/sync.go:153.30,155.4 1 0
github.com/labring/sealos/controllers/db/bytebase/controllers/sync.go:156.3,162.38 3 0
github.com/labring/sealos/controllers/db/bytebase/controllers/sync.go:162.38,164.4 1 0
github.com/labring/sealos/controllers/db/bytebase/controllers/sync.go:166.3,166.56 1 0
github.com/labring/sealos/controllers/db/bytebase/controllers/sync.go:166.56,168.4 1 0
github.com/labring/sealos/controllers/db/bytebase/controllers/sync.go:170.3,240.54 9 0
github.com/labring/sealos/controllers/db/bytebase/controllers/sync.go:240.54,242.4 1 0
github.com/labring/sealos/controllers/db/bytebase/controllers/sync.go:244.3,244.51 1 0
github.com/labring/sealos/controllers/db/bytebase/controllers/sync.go:244.51,246.4 1 0
github.com/labring/sealos/controllers/db/bytebase/controllers/sync.go:248.3,248.51 1 0
github.com/labring/sealos/controllers/db/bytebase/controllers/sync.go:248.51,250.18 2 0
github.com/labring/sealos/controllers/db/bytebase/controllers/sync.go:250.18,252.5 1 0
github.com/labring/sealos/controllers/db/bytebase/controllers/sync.go:254.4,255.54 2 0
github.com/labring/sealos/controllers/db/bytebase/controllers/sync.go:256.9,258.4 1 0
github.com/labring/sealos/controllers/db/bytebase/controllers/sync.go:260.3,260.89 1 0
github.com/labring/sealos/controllers/db/bytebase/controllers/sync.go:260.89,262.4 1 0
github.com/labring/sealos/controllers/db/bytebase/controllers/sync.go:263.3,263.13 1 0
github.com/labring/sealos/controllers/db/bytebase/controllers/sync.go:264.17,266.3 1 0
github.com/labring/sealos/controllers/db/bytebase/controllers/sync.go:268.2,268.72 1 0
github.com/labring/sealos/controllers/db/bytebase/controllers/sync.go:268.72,271.3 2 0
github.com/labring/sealos/controllers/db/bytebase/controllers/sync.go:273.2,273.12 1 0
github.com/labring/sealos/controllers/db/bytebase/controllers/util.go:11.40,14.16 3 0
github.com/labring/sealos/controllers/db/bytebase/controllers/util.go:14.16,17.3 1 0
github.com/labring/sealos/controllers/db/bytebase/controllers/util.go:19.2,20.56 2 0
github.com/labring/sealos/controllers/db/bytebase/controllers/util.go:23.58,28.2 2 0
github.com/labring/sealos/controllers/db/bytebase/controllers/util.go:34.50,37.25 3 0
github.com/labring/sealos/controllers/db/bytebase/controllers/util.go:37.25,39.17 2 0
github.com/labring/sealos/controllers/db/bytebase/controllers/util.go:39.17,41.4 1 0
github.com/labring/sealos/controllers/db/bytebase/controllers/util.go:42.3,42.32 1 0
github.com/labring/sealos/controllers/db/bytebase/controllers/util.go:45.2,45.25 1 0
